TIPO;IDENTIFICACION;D;           NOMBRE O RAZON SOCIAL        ;           DIRECCION                    ;           CORREO ELECTRONICO           ;CIUDAD;  NOM CIUDAD   ; TELEFONO ;  CELULAR ;FINGRESO;F.ULTIMO;RTFTE;REGIM;NIVEL;COD VENDEDOR;   NOMBRE VENDEDOR  ; IND; % ;RTIVA; EST;TIPIFICA;CALI;ZONA;CUPO ENDE
31;144.376; ;RODRIGUEZ ANTONIO                       ;CR 3 5 70                               ;                                        ;25297;GACHETA        ;3115926393;          ;20110516;20160826;N    ;SIMPL;NACIO;800221949;VITAGRO LIMITADA    ;   ;   ;     ;A   ;MAYORIST;    ;    ;1500000
31;203.206;2;CASTRO CASTRO VICTOR MANUEL             ;CL 2  03 84                             ;                                        ;25151;CAQUEZA        ;918480106;          ;        ;20140714;T    ;SIMPL;NACIO;800221949;VITAGRO LIMITADA    ;   ;   ;     ;A   ;MAYORIST;    ;    ;5000000
13;217.864; ;GUAVITA CESAR                           ;CALLE 4 N.3-23                          ;                                        ;25178;CHIPAQUE       ;8484466;          ;        ;20141020;N    ;SIMPL;NACIO;8451;                    ;   ;   ;     ;A   ;MAYORIST;    ;    ;800000
31;308.298; ;PEREZ PEDRO                             ;CR 3 2A  50                             ;                                        ;25398;LA PE„A        ;3134187911;          ;20120119;20170719;N    ;SIMPL;NACIO;1075654026;CONTRERAS GOMEZ JORG;   ;   ;     ;A   ;MAYORIST;    ;    ;1000000
31;359.924; ;PARRADO JUVENAL                         ;PLAZA PRINCIPAL                         ;                                        ;25594;QUETAME        ;8492036;          ;        ;20160506;N    ;SIMPL;NACIO;1075654026;CONTRERAS GOMEZ JORG;   ;   ;     ;A   ;MAYORIST;    ;    ;2000000
31;406.941;1;VELAZQUEZ VILLAMIL RICARDO              ;CL 5A 5 08                              ;                                        ;25781;SUTATAUSA      ;3006931054;          ;20170811;20180126;N    ;SIMPL;NACIO;19416500;RODRIGUEZ CORREA CAR;   ;   ;     ;A   ;MAYORIST;    ;    ;2000000
31;412.161;6;GRANADOS LUQUE ALVARO ENRIQUE           ;DG 7  1 58                              ;agrogm1@hotmail.com                     ;25785;TABIO          ;3108166914;          ;        ;20200917;N    ;SIMPL;NACIO;1075654026;CONTRERAS GOMEZ JORG;   ;   ;     ;A   ;MAYORIST;    ;    ;3000000
31;412.379;4;URBINA RODRIGUEZ REMIGIO                ;CR 1   3 41 AGROPECUARIA EL REY         ;centroagropecuarioelrey@hotmail.com     ;25785;TABIO          ;918648222;          ;        ;20200228;B    ;SIMPL;NACIO;1075654026;CONTRERAS GOMEZ JORG;   ;   ;     ;A   ;MAYORIST;    ;    ;2000000
31;470.629; ;SEGURA JHON FABIO                       ;CR 50  51  61                           ;                                        ;66687;SANTUARIO      ;3116396786;          ;20140205;20140205;N    ;SIMPL;NACIO;800221949;VITAGRO LIMITADA    ;   ;   ;     ;A   ;MAYORIST;    ;    ;1000000
31;1.061.488;5;RUDA TEQUIA RICARDO                     ;CL 166 21 89                            ;ceragroveterinaria@gmail.com            ;11001;BOGOTA D.C.    ;3192666796;          ;20170714;20180110;N    ;SIMPL;NACIO;1075654026;CONTRERAS GOMEZ JORG;   ;   ;     ;A   ;MAYORIST;    ;    ;5000000
31;1.094.596; ;RONCANCIO LUIS                          ;CL  4   9 18                            ;                                        ;15455;MIRAFLORES     ;987330298;          ;        ;20200820;N    ;SIMPL;NACIO;19416500;RODRIGUEZ CORREA CAR;   ;   ;     ;A   ;MAYORIST;    ;    ;1000000
31;1.332.134; ;ZULUAGA ZULUAGA HUMBERTO                ;CL 143 58 C 41 AP 612                   ;                                        ;11001;BOGOTA D.C.    ;4113121;          ;        ;20200910;N    ;SIMPL;NACIO;800221949;VITAGRO LIMITADA    ;   ;   ;     ;A   ;MAYORIST;    ;    ;5000000
31;1.793.286;5;ZULUAGA ZULUAGA JOSE DUVAN              ;CL 116  50  30 AP 402                   ;                                        ;11001;BOGOTA D.C.    ;4113121;          ;        ;20180131;N    ;COMUN;NACIO;800221949;VITAGRO LIMITADA    ;   ;   ;     ;A   ;MAYORIST;    ;    ;5000000
31;2.889.753;0;PATI„O MARIN ANTONIO                    ;CR 14 A 69 23 CONCENTRADOS DEL NORTE    ;contabilidad.concenorte@hotmail.com     ;11001;BOGOTA D.C.    ;3461403;          ;        ;20181126;B    ;COMUN;NACIO;800221949;VITAGRO LIMITADA    ;ICA;11;     ;A   ;MAYORIST;    ;    ;20000000
31;2.938.158; ;LAVERDE GUILLERO                        ;CL 12    9 20                           ;AVIGAN                                  ;25307;GIRARDOT       ;918350482;          ;        ;20141027;N    ;SIMPL;NACIO;19416500;RODRIGUEZ CORREA CAR;   ;   ;     ;A   ;MAYORIST;    ;    ;1500000
31;2.963.661;8;ROJAS BURGOS JAIME MANZANERO            ;CL 4 8  ESQUINA                         ;                                        ;25250;ARBELAEZ       ;3118336307;          ;20140610;20200922;N    ;SIMPL;NACIO;800221949;VITAGRO LIMITADA    ;   ;   ;     ;A   ;MAYORIST;    ;    ;1000000
31;2.964.416; ;RIVERA CIRO                             ;CR 7 6 39                               ;                                        ;25250;ARBELAEZ       ;3203396978;3203396978;20131129;20160524;N    ;SIMPL;NACIO;800221949;VITAGRO LIMITADA    ;   ;   ;     ;A   ;MAYORIST;    ;    ;1000000
31;2.965.968;2;RODRIGUEZ DIAZ WILLIAM ASDRUWEL         ;CL 5 7 17                               ;                                        ;25250;ARBELAEZ       ;3118729077;          ;20170213;20170620;N    ;SIMPL;NACIO;800221949;VITAGRO LIMITADA    ;   ;   ;     ;A   ;MAYORIST;    ;    ;3000000
31;2.979.400; ;MOYANO ALVARO                           ;CRA 4  7 93                             ;                                        ;25148;CAPARRAPI      ;8592007;          ;20100318;20170420;N    ;SIMPL;NACIO;79979887;ZULUAGA BERNAL CESAR;   ;   ;     ;A   ;MAYORIST;    ;    ;1000000
31;2.982.885; ;VELASQUEZ JOSE GREGORIO                 ;CL  3  3 26                             ;                                        ;25151;CAQUEZA        ;918480415;          ;        ;20140704;N    ;SIMPL;NACIO;1075654026;CONTRERAS GOMEZ JORG;   ;   ;     ;A   ;MAYORIST;    ;    ;1000000
31;3.000.187;1;CIFUENTES JORGE                         ;CR 2 5 06                               ;AGRICOLA SIGLO XXI                      ;25181;CHOACHI        ;918486631;          ;        ;20170418;N    ;SIMPL;NACIO;800221949;VITAGRO LIMITADA    ;   ;   ;     ;A   ;MAYORIST;    ;    ;5000000
31;3.003.158;1;VALERO RUBIANO JOSE HECTOR MANUEL       ;CL 11 15 19                             ;agroveterinariadelcentrohv@gmail.com    ;11001;BOGOTA D.C.    ;2431110;          ;        ;20200923;N    ;COMUN;NACIO;800221949;VITAGRO LIMITADA    ;   ;   ;     ;A   ;MAYORIST;    ;    ;30000000
31;3.015.257; ;ROMERO MIGUEL                           ;CL 5 4 13                               ;ALMACEN EL SURTIDOR                     ;25279;FOMEQUE        ;8485426;          ;        ;20200916;N    ;SIMPL;NACIO;800221949;VITAGRO LIMITADA    ;   ;   ;     ;A   ;MAYORIST;    ;    ;6000000
31;3.022.290; ;CASTRO GABRIEL                          ;VEREDA SAN ANTONIO                      ;                                        ;25281;FOSCA          ;8490280;          ;        ;20150609;N    ;SIMPL;NACIO;1075654026;CONTRERAS GOMEZ JORG;   ;   ;     ;A   ;MAYORIST;    ;    ;5000000
31;3.022.802;8;LEAL REYES CARLOS URIEL                 ;TV 2  3  41 AGROVET EL PUENTE           ;agrovetelpuente@hotmail.com             ;25594;QUETAME        ;3105504737;          ;20120625;20170516;N    ;SIMPL;NACIO;1075654026;CONTRERAS GOMEZ JORG;   ;   ;     ;A   ;MAYORIST;    ;    ;5000000
31;3.032.272;5;RODRIGUEZ EDGAR                         ;CL 6 3 16                               ;                                        ;25297;GACHETA        ;8535166;3115065436;20121005;20151217;N    ;SIMPL;NACIO;800221949;VITAGRO LIMITADA    ;   ;   ;     ;A   ;MAYORIST;    ;    ;1000000
31;3.043.070;1;FAYAD JAIME                             ;CL 18   10 09                           ;DROGUERIA VET.GIRARDOT                  ;25307;GIRARDOT       ;8333242;          ;        ;20140304;N    ;SIMPL;NACIO;800221949;VITAGRO LIMITADA    ;   ;   ;     ;A   ;MAYORIST;    ;    ;2000000
31;3.085.158;0;CABALLERO MONTOYA RAMIRO APOSTOL        ;CR 2 18 168 AGROPECUARIA LA RES         ;agrolares@hotmail.com                   ;25402;LA VEGA        ;8458509;          ;20100420;20200924;S    ;COMUN;NACIO;800221949;VITAGRO LIMITADA    ;   ;   ;     ;A   ;MAYORIST;    ;    ;10000000
31;3.115.359; ;ESCOBAR RUEDA ALIPIO                    ;CR 4 3 ESQUINA                          ;                                        ;25394;LA PALMA       ;3112321197;          ;20150225;20200903;N    ;SIMPL;NACIO;1075654026;CONTRERAS GOMEZ JORG;   ;   ;     ;A   ;MAYORIST;    ;    ;2000000
31;3.151.916; ;ARDILA BOHORQUEZ OSWALDO                ;CL 4 1 45                               ;                                        ;25178;CHIPAQUE       ;3168305137;          ;20091005;20160328;N    ;SIMPL;NACIO;1075654026;CONTRERAS GOMEZ JORG;   ;   ;     ;A   ;MAYORIST;    ;    ;1500000
31;3.151.999;9;ARDILA BOHORQUEZ WILSON                 ;CL 4  1 45                              ;LA MONTA„A  AGRICOLA                    ;25178;CHIPAQUE       ;3167418719;          ;        ;20191015;N    ;SIMPL;NACIO;1075654026;CONTRERAS GOMEZ JORG;   ;   ;     ;A   ;MAYORIST;    ;    ;1000000
31;3.152.030; ;LEON ACUNA ROGER                        ;CR 5 2 85  LA GRAN  VIA                 ;                                        ;25386;LA MESA        ;3124478695;          ;20140917;20140917;N    ;SIMPL;NACIO;800221949;VITAGRO LIMITADA    ;   ;   ;     ;A   ;MAYORIST;    ;    ;1000000
31;3.153.037; ;ACOSTA HERNANDO                         ;CR 4 2 123                              ;VET. NORMANDIA                          ;25649;SAN BERNARDO   ;          ;          ;        ;20170822;N    ;SIMPL;NACIO;800221949;VITAGRO LIMITADA    ;   ;   ;     ;A   ;MAYORIST;    ;    ;1000000
31;3.166.209;6;MOJICA CRUZ MIGUEL ANGEL                ;CL 9 2A 12                              ;faryandreamontoya@gmail.com             ;25718;SASAIMA        ;3132006607;          ;20190625;20200910;N    ;SIMPL;NACIO;800221949;VITAGRO LIMITADA    ;   ;   ;     ;A   ;MAYORIST;    ;    ;2000000
31;3.166.938;7;FIGUEROA JAVIER                         ;CR 3  3 30                              ;AGROC LA COLINA                         ;25718;SASAIMA        ;8468202;          ;        ;20151204;N    ;SIMPL;NACIO;800221949;VITAGRO LIMITADA    ;   ;   ;     ;A   ;MAYORIST;    ;    ;2000000
31;3.172.107; ;NIETO ENRIQUE                           ;CR 14 12 55                             ;                                        ;25312;GRANADA        ;          ;          ;20140822;20141014;N    ;SIMPL;NACIO;800221949;VITAGRO LIMITADA    ;   ;   ;     ;A   ;MAYORIST;    ;    ;1000000
31;3.219.711; ;AGUAS PE„UELA JORGE ENRIQUE             ;CL 2 4 15 VETERINARIA EL VAQUERO        ;aguasjeap@hotmail.com                   ;25841;UBAQUE         ;3112580430;          ;        ;20200923;N    ;SIMPL;NACIO;800221949;VITAGRO LIMITADA    ;   ;   ;     ;A   ;MAYORIST;    ;    ;10000000
31;3.220.712;0;SARAY LUIS FELIPE                       ;CR 2  2 27                              ;                                        ;25181;CHOACHI        ;8486601;          ;        ;20180207;N    ;SIMPL;NACIO;800221949;VITAGRO LIMITADA    ;   ;   ;     ;A   ;MAYORIST;    ;    ;1000000
31;3.220.935;6;MORA DIAZ BAUDILIO                      ;CR 2 4 18 AGRO SAN RAFAEL               ;agro.sanrafael@hotmail.com              ;25279;FOMEQUE        ;8485059;          ;        ;20200617;B    ;SIMPL;NACIO;800221949;VITAGRO LIMITADA    ;   ;   ;     ;A   ;MAYORIST;    ;    ;5000000
31;3.221.017;4;FLOREZ LUIS ALFONSO                     ;CR 5 2 16                               ;                                        ;25841;UBAQUE         ;3112191336;          ;20090721;20140722;N    ;SIMPL;NACIO;800221949;VITAGRO LIMITADA    ;   ;   ;     ;A   ;MAYORIST;    ;    ;2000000
31;3.225.287; ;RIVEROS BELISARIO                       ;CL 4 4 22                               ;ALMACEN SAN ISIDRO                      ;25845;UNE            ;          ;          ;        ;20200825;N    ;SIMPL;NACIO;1075654026;CONTRERAS GOMEZ JORG;   ;   ;     ;A   ;MAYORIST;    ;    ;3000000