
TP,PRE,FACTURA, FECHA  ,ES,   NIT    ,       CLIENTE                ,     ZONA      , CIUD,    CIUDAD   , VENDEDOR , NOM VENDEDOR  ,VLR NETO  ,RETENCION ,RETEN-ICA ,RETEN-IVA ,DESCUENTO, VLR IVA , VLR PAGO,FECHA PAG,
FC,   ,0000001,20180417,CT,0860451304,CIACOMEQ  S.A.S               ,               ,     ,             ,0000000000,               ,000260000 ,000000000 ,000000000 ,000000000 ,000000000,000049400,000000000,
FC,   ,0000012,20180911,CT,0860451304,CIACOMEQ  S.A.S               ,               ,     ,             ,0000000000,               ,000110000 ,000000000 ,000000000 ,000000000 ,000000000,000020900,000000000,
FC,   ,0000044,20191022,CT,0900193874,GUEVARA S COMPANY S A S       ,               ,     ,             ,0000000000,               ,000132000 ,000000000 ,000000000 ,000000000 ,000000000,000000000,000000000,
FC,   ,0000113,20191213,CT,0860520471,INDUPLAS S A                  ,               ,     ,             ,0000000000,               ,000659550 ,000016489 ,000007281 ,000000000 ,000000000,000125315,000000000,
FC,   ,0000170,20200211,CT,0900193874,GUEVARA S COMPANY S A S       ,               ,     ,             ,0000000000,               ,000150000 ,000000000 ,000000000 ,000000000 ,000000000,000000000,000000000,
FC,   ,0000234,20200417,CT,0900193874,GUEVARA S COMPANY S A S       ,               ,     ,             ,0000000000,               ,000150000 ,000000000 ,000000000 ,000000000 ,000000000,000000000,000000000,
FC,   ,0000262,20200625,CT,0900193874,GUEVARA S COMPANY S A S       ,               ,     ,             ,0000000000,               ,000150000 ,000000000 ,000000000 ,000000000 ,000000000,000000000,000150000,20200625
FC,   ,0000294,20200819,CT,0900193874,GUEVARA S COMPANY S A S       ,               ,     ,             ,0000000000,               ,000150000 ,000000000 ,000000000 ,000000000 ,000000000,000000000,000000000,
FC,   ,0000297,20200827,CT,0900193874,GUEVARA S COMPANY S A S       ,               ,     ,             ,0000000000,               ,000300000 ,000000000 ,000000000 ,000000000 ,000000000,000000000,000000000,
FC,   ,0000529,20180112,CT,0900645003,GDI PHARMA CENTRO SAS         ,               ,     ,             ,0000000000,               ,006625483 ,000265019 ,000064002 ,000000000 ,000000000,000000000,000000000,
FC,   ,0000530,20180124,CT,0900645003,GDI PHARMA CENTRO SAS         ,               ,     ,             ,0000000000,               ,004962926 ,000198517 ,000047942 ,000000000 ,000000000,000000000,000000000,
FC,   ,0000544,20180208,CT,0900645003,GDI PHARMA CENTRO SAS         ,               ,     ,             ,0000000000,               ,000972629 ,000038905 ,000009396 ,000000000 ,000000000,000000000,000000000,
FC,   ,0000560,20180314,CT,0900645003,GDI PHARMA CENTRO SAS         ,               ,     ,             ,0000000000,               ,006255880 ,000250235 ,000060432 ,000000000 ,000000000,000000000,000000000,
FC,   ,0000561,20180314,CT,0900645003,GDI PHARMA CENTRO SAS         ,               ,     ,             ,0000000000,               ,007410340 ,000296414 ,000071584 ,000000000 ,000000000,000000000,000000000,
FC,   ,0000957,20200312,CT,0830075912,DISTRIENVASES PLASTICOS ARMOL ,               ,     ,             ,0000000000,               ,000986198 ,000024655 ,000010888 ,000000000 ,000000000,000187378,000000000,
FC,   ,0000980,20180305,CT,0900941092,INTERPHARMA DE COLOMBIA S.A.S ,               ,     ,             ,0000000000,               ,002838000 ,000070950 ,000011749 ,000000000 ,000000000,000000000,000000000,
FC,   ,0001026,20180321,CT,0900941092,INTERPHARMA DE COLOMBIA S.A.S ,               ,     ,             ,0000000000,               ,001370000 ,000034250 ,000005672 ,000000000 ,000000000,000000000,000000000,
FC,   ,0001069,20180409,CT,0900941092,INTERPHARMA DE COLOMBIA S.A.S ,               ,     ,             ,0000000000,               ,000480000 ,000000000 ,000000000 ,000000000 ,000000000,000000000,000000000,
FC,   ,0001157,20180507,CT,0900941092,INTERPHARMA DE COLOMBIA S.A.S ,               ,     ,             ,0000000000,               ,008728000 ,000218200 ,000036134 ,000000000 ,000000000,000000000,000000000,
FC,   ,0001173,20180511,CT,0900941092,INTERPHARMA DE COLOMBIA S.A.S ,               ,     ,             ,0000000000,               ,000847500 ,000021188 ,000003509 ,000000000 ,000000000,000000000,000000000,
FC,   ,0001257,20180608,CT,0900941092,INTERPHARMA DE COLOMBIA S.A.S ,               ,     ,             ,0000000000,               ,003910000 ,000097750 ,000016187 ,000000000 ,000000000,000000000,000000000,
FC,   ,0001389,20180730,CT,0900941092,INTERPHARMA DE COLOMBIA S.A.S ,               ,     ,             ,0000000000,               ,000675000 ,000000000 ,000000000 ,000000000 ,000000000,000000000,000000000,
FV,S  ,0000342,20200422,VG,0063483399,PELAYO GIL LUZ STELLA         ,               ,68500,OIBA         ,0019416500,RODRIGUEZ CORRE,000490500 ,000000000 ,000000000 ,000000000 ,000000000,000000000,000000000,
FV,S  ,0000343,20200422,CT,0091016957,LOAIZA SUAREZ RENE            ,               ,68077,BARBOSA      ,0019416500,RODRIGUEZ CORRE,000361500 ,000000000 ,000000000 ,000000000 ,000011500,000000000,000361500,20200529
